<?xml version="1.0" encoding="UTF-8"?>
<!-- Generated by org.testng.reporters.JUnitReportReporter -->
<testsuite hostname="Preet-Pc" name="com.test.TestCases.Checkout_Gifts" tests="1" failures="0" timestamp="19 Nov 2014 05:49:11 GMT" time="149.960" errors="0">
  <testcase name="checkoutTest" time="149.960" classname="com.test.TestCases.Checkout_Gifts"/>
</testsuite> <!-- com.test.TestCases.Checkout_Gifts -->
