<?xml version="1.0" encoding="UTF-8"?>
<!-- Generated by org.testng.reporters.JUnitReportReporter -->
<testsuite hostname="Preet-Pc" name="com.test.TestCases.NewTest" tests="1" failures="0" timestamp="18 Nov 2014 10:56:42 GMT" time="64.036" errors="0">
  <testcase name="loginTest" time="64.036" classname="com.test.TestCases.NewTest"/>
</testsuite> <!-- com.test.TestCases.NewTest -->
