<?xml version="1.0" encoding="UTF-8"?>
<!-- Generated by org.testng.reporters.JUnitReportReporter -->
<testsuite hostname="Preet-Pc" name="com.test.TestCases.Checkout_FoodDrinks" tests="1" failures="0" timestamp="29 Nov 2014 09:12:29 GMT" time="199.449" errors="0">
  <testcase name="checkoutTest" time="199.449" classname="com.test.TestCases.Checkout_FoodDrinks"/>
</testsuite> <!-- com.test.TestCases.Checkout_FoodDrinks -->
