<?xml version="1.0" encoding="UTF-8"?>
<!-- Generated by org.testng.reporters.JUnitReportReporter -->
<testsuite hostname="Preet-Pc" name="com.test.TestCases.MoneyWithdraw" tests="1" failures="0" timestamp="29 Nov 2014 11:33:09 GMT" time="132.943" errors="0">
  <testcase name="ChargeWall" time="132.943" classname="com.test.TestCases.MoneyWithdraw"/>
</testsuite> <!-- com.test.TestCases.MoneyWithdraw -->
