<?xml version="1.0" encoding="UTF-8"?>
<!-- Generated by org.testng.reporters.JUnitReportReporter -->
<testsuite hostname="Preet-Pc" name="com.test.TestCases.Checkout_Catering" tests="1" failures="0" timestamp="18 Nov 2014 10:56:42 GMT" time="122.873" errors="0">
  <testcase name="checkoutTest" time="122.873" classname="com.test.TestCases.Checkout_Catering"/>
</testsuite> <!-- com.test.TestCases.Checkout_Catering -->
