<?xml version="1.0" encoding="UTF-8"?>
<!-- Generated by org.testng.reporters.JUnitReportReporter -->
<testsuite hostname="Preet-Pc" name="com.test.TestCases.PayYourFriends" tests="1" failures="0" timestamp="29 Nov 2014 11:47:41 GMT" time="166.246" errors="0">
  <testcase name="ChargeWall" time="166.246" classname="com.test.TestCases.PayYourFriends"/>
</testsuite> <!-- com.test.TestCases.PayYourFriends -->
