<?xml version="1.0" encoding="UTF-8"?>
<!-- Generated by org.testng.reporters.JUnitReportReporter -->
<testsuite hostname="Preet-Pc" name="com.test.TestCases.PayYourFriends" tests="1" failures="0" timestamp="3 Dec 2014 10:25:03 GMT" time="57.632" errors="0">
  <testcase name="WalletPayYouFriends" time="57.632" classname="com.test.TestCases.PayYourFriends"/>
</testsuite> <!-- com.test.TestCases.PayYourFriends -->
