<?xml version="1.0" encoding="UTF-8"?>
<!-- Generated by org.testng.reporters.JUnitReportReporter -->
<testsuite hostname="Preet-Pc" name="com.test.TestCases.Checkout_Tankstations" tests="1" failures="0" timestamp="29 Nov 2014 09:54:25 GMT" time="171.126" errors="0">
  <testcase name="checkoutTest" time="171.126" classname="com.test.TestCases.Checkout_Tankstations"/>
</testsuite> <!-- com.test.TestCases.Checkout_Tankstations -->
