<?xml version="1.0" encoding="UTF-8"?>
<!-- Generated by org.testng.reporters.JUnitReportReporter -->
<testsuite hostname="Preet-Pc" name="com.test.TestCases.Checkout_Miscellaneous" tests="1" failures="0" timestamp="26 Nov 2014 10:51:30 GMT" time="62.956" errors="0">
  <testcase name="checkoutTest" time="62.956" classname="com.test.TestCases.Checkout_Miscellaneous"/>
</testsuite> <!-- com.test.TestCases.Checkout_Miscellaneous -->
