<?xml version="1.0" encoding="UTF-8"?>
<!-- Generated by org.testng.reporters.JUnitReportReporter -->
<testsuite hostname="Preet-Pc" name="com.test.TestCases.Checkout_Thuisafgehaald" tests="1" failures="0" timestamp="19 Nov 2014 07:03:40 GMT" time="99.477" errors="0">
  <testcase name="checkoutTest" time="99.477" classname="com.test.TestCases.Checkout_Thuisafgehaald"/>
</testsuite> <!-- com.test.TestCases.Checkout_Thuisafgehaald -->
