<?xml version="1.0" encoding="UTF-8"?>
<!-- Generated by org.testng.reporters.JUnitReportReporter -->
<testsuite hostname="Preet-Pc" name="com.test.TestCases.Checkout_Parking" tests="1" failures="0" timestamp="29 Nov 2014 06:23:55 GMT" time="172.807" errors="0">
  <testcase name="checkoutTest" time="172.807" classname="com.test.TestCases.Checkout_Parking"/>
</testsuite> <!-- com.test.TestCases.Checkout_Parking -->
