<?xml version="1.0" encoding="UTF-8"?>
<!-- Generated by org.testng.reporters.JUnitReportReporter -->
<testsuite hostname="Preet-Pc" name="com.test.TestCases.ChargeWallet_DirectDebit" tests="1" failures="0" timestamp="29 Nov 2014 11:22:50 GMT" time="147.214" errors="0">
  <testcase name="ChargeWall" time="147.214" classname="com.test.TestCases.ChargeWallet_DirectDebit"/>
</testsuite> <!-- com.test.TestCases.ChargeWallet_DirectDebit -->
