<?xml version="1.0" encoding="UTF-8"?>
<!-- Generated by org.testng.reporters.JUnitReportReporter -->
<testsuite hostname="Preet-Pc" name="com.test.TestCases.Checkout_Thuisbegorgd" tests="1" failures="0" timestamp="29 Nov 2014 09:34:10 GMT" time="239.032" errors="0">
  <testcase name="checkoutTest" time="239.032" classname="com.test.TestCases.Checkout_Thuisbegorgd"/>
</testsuite> <!-- com.test.TestCases.Checkout_Thuisbegorgd -->
