<?xml version="1.0" encoding="UTF-8"?>
<!-- Generated by org.testng.reporters.JUnitReportReporter -->
<testsuite hostname="Preet-Pc" name="com.test.TestCases.Checkout_Wellness" tests="1" failures="0" timestamp="8 Dec 2014 13:27:38 GMT" time="138.446" errors="0">
  <testcase name="CheckoutWellness" time="138.446" classname="com.test.TestCases.Checkout_Wellness"/>
</testsuite> <!-- com.test.TestCases.Checkout_Wellness -->
