<?xml version="1.0" encoding="UTF-8"?>
<!-- Generated by org.testng.reporters.JUnitReportReporter -->
<testsuite hostname="Preet-Pc" name="com.test.TestCases.ChargeWallet" tests="2" failures="0" timestamp="29 Nov 2014 11:02:18 GMT" time="135.464" errors="0">
  <testcase name="Charge" time="21.715" classname="com.test.TestCases.ChargeWallet"/>
  <testcase name="ChargeWall" time="113.749" classname="com.test.TestCases.ChargeWallet"/>
</testsuite> <!-- com.test.TestCases.ChargeWallet -->
