<?xml version="1.0" encoding="UTF-8"?>
<!-- Generated by org.testng.reporters.JUnitReportReporter -->
<testsuite hostname="Preet-Pc" name="com.test.TestCases.Checkout_FoodDrinks" tests="1" failures="0" timestamp="29 Nov 2014 06:39:58 GMT" time="157.580" errors="0">
  <testcase name="checkoutTest" time="157.580" classname="com.test.TestCases.Checkout_FoodDrinks"/>
</testsuite> <!-- com.test.TestCases.Checkout_FoodDrinks -->
