<?xml version="1.0" encoding="UTF-8"?>
<!-- Generated by org.testng.reporters.JUnitReportReporter -->
<testsuite hostname="Preet-Pc" name="com.test.TestCases.ChargeWallet_CC" tests="1" failures="0" timestamp="29 Nov 2014 11:06:46 GMT" time="103.039" errors="0">
  <testcase name="ChargeWall" time="103.039" classname="com.test.TestCases.ChargeWallet_CC"/>
</testsuite> <!-- com.test.TestCases.ChargeWallet_CC -->
