<?xml version="1.0" encoding="UTF-8"?>
<!-- Generated by org.testng.reporters.JUnitReportReporter -->
<testsuite hostname="Preet-Pc" name="com.test.TestCases.Checkout_Thuisbegorgd" tests="1" failures="0" timestamp="26 Nov 2014 13:06:58 GMT" time="182.251" errors="0">
  <testcase name="checkoutTest" time="182.251" classname="com.test.TestCases.Checkout_Thuisbegorgd"/>
</testsuite> <!-- com.test.TestCases.Checkout_Thuisbegorgd -->
