<?xml version="1.0" encoding="UTF-8"?>
<!-- Generated by org.testng.reporters.JUnitReportReporter -->
<testsuite hostname="Preet-Pc" name="com.test.TestCases.Checkout_Cinema" tests="1" failures="0" timestamp="19 Nov 2014 06:11:54 GMT" time="97.908" errors="0">
  <testcase name="checkoutTest" time="97.908" classname="com.test.TestCases.Checkout_Cinema"/>
</testsuite> <!-- com.test.TestCases.Checkout_Cinema -->
