<?xml version="1.0" encoding="UTF-8"?>
<!-- Generated by org.testng.reporters.JUnitReportReporter -->
<testsuite hostname="Preet-Pc" name="com.test.TestCases.ChargeWallet_iDEAL" tests="1" failures="0" timestamp="3 Dec 2014 10:20:42 GMT" time="123.437" errors="0">
  <testcase name="ChargeWalletiDeal" time="123.437" classname="com.test.TestCases.ChargeWallet_iDEAL"/>
</testsuite> <!-- com.test.TestCases.ChargeWallet_iDEAL -->
