<?xml version="1.0" encoding="UTF-8"?>
<!-- Generated by org.testng.reporters.JUnitReportReporter -->
<testsuite hostname="INDpparikhZVG3QH.local" name="com.test.TestCases.Login" tests="1" failures="0" timestamp="9 Dec 2014 13:11:54 GMT" time="70.093" errors="0">
  <testcase name="LoginTest" time="70.093" classname="com.test.TestCases.Login"/>
</testsuite> <!-- com.test.TestCases.Login -->
