<?xml version="1.0" encoding="UTF-8"?>
<!-- Generated by org.testng.reporters.JUnitReportReporter -->
<testsuite hostname="Preet-Pc" name="com.test.TestCases.Master" tests="1" failures="0" timestamp="14 Nov 2014 14:31:12 GMT" time="3.060" errors="0">
  <testcase name="testsuite" time="3.060" classname="com.test.TestCases.Master"/>
</testsuite> <!-- com.test.TestCases.Master -->
