<?xml version="1.0" encoding="UTF-8"?>
<!-- Generated by org.testng.reporters.JUnitReportReporter -->
<testsuite hostname="Preet-Pc" name="com.test.TestCases.Checkout_Offers" tests="1" failures="0" timestamp="29 Nov 2014 10:03:16 GMT" time="177.070" errors="0">
  <testcase name="checkoutTest" time="177.070" classname="com.test.TestCases.Checkout_Offers"/>
</testsuite> <!-- com.test.TestCases.Checkout_Offers -->
