<?xml version="1.0" encoding="UTF-8"?>
<!-- Generated by org.testng.reporters.JUnitReportReporter -->
<testsuite hostname="Preet-Pc" name="com.test.TestCases.Checkout_Carwash" tests="1" failures="0" timestamp="26 Nov 2014 10:20:27 GMT" time="155.375" errors="0">
  <testcase name="checkoutTest" time="155.375" classname="com.test.TestCases.Checkout_Carwash"/>
</testsuite> <!-- com.test.TestCases.Checkout_Carwash -->
