<?xml version="1.0" encoding="UTF-8"?>
<!-- Generated by org.testng.reporters.JUnitReportReporter -->
<testsuite hostname="Preet-Pc" name="com.test.TestCases.NewTest" tests="1" failures="0" timestamp="8 Dec 2014 14:04:21 GMT" time="95.836" errors="0">
  <testcase name="test" time="95.836" classname="com.test.TestCases.NewTest"/>
</testsuite> <!-- com.test.TestCases.NewTest -->
