<?xml version="1.0" encoding="UTF-8"?>
<!-- Generated by org.testng.reporters.JUnitReportReporter -->
<testsuite hostname="Preet-Pc" name="com.test.TestCases.Checkout_Flowershops" tests="1" failures="0" timestamp="18 Nov 2014 10:56:42 GMT" time="88.737" errors="0">
  <testcase name="checkoutTest" time="88.737" classname="com.test.TestCases.Checkout_Flowershops"/>
</testsuite> <!-- com.test.TestCases.Checkout_Flowershops -->
