<?xml version="1.0" encoding="UTF-8"?>
<!-- Generated by org.testng.reporters.JUnitReportReporter -->
<testsuite hostname="Preet-Pc" name="com.test.TestCases.Login" tests="1" failures="0" timestamp="18 Nov 2014 11:07:17 GMT" time="63.197" errors="0">
  <testcase name="loginTest" time="63.197" classname="com.test.TestCases.Login"/>
</testsuite> <!-- com.test.TestCases.Login -->
