<?xml version="1.0" encoding="UTF-8"?>
<!-- Generated by org.testng.reporters.JUnitReportReporter -->
<testsuite hostname="Preet-Pc" name="com.test.TestCases.Checkout_Parking" tests="1" failures="0" timestamp="29 Nov 2014 12:08:43 GMT" time="163.291" errors="0">
  <testcase name="checkoutTest" time="163.291" classname="com.test.TestCases.Checkout_Parking"/>
</testsuite> <!-- com.test.TestCases.Checkout_Parking -->
