<?xml version="1.0" encoding="UTF-8"?>
<!-- Generated by org.testng.reporters.JUnitReportReporter -->
<testsuite hostname="Preet-Pc" name="com.test.TestCases.Checkout" tests="1" failures="0" timestamp="18 Nov 2014 07:50:53 GMT" time="140.934" errors="0">
  <testcase name="checkoutTest" time="140.934" classname="com.test.TestCases.Checkout"/>
</testsuite> <!-- com.test.TestCases.Checkout -->
