<?xml version="1.0" encoding="UTF-8"?>
<!-- Generated by org.testng.reporters.JUnitReportReporter -->
<testsuite hostname="Preet-Pc" name="com.test.TestCases.ChargeWallet_ChargeCard" tests="1" failures="0" timestamp="29 Nov 2014 11:11:48 GMT" time="110.509" errors="0">
  <testcase name="ChargeWall" time="110.509" classname="com.test.TestCases.ChargeWallet_ChargeCard"/>
</testsuite> <!-- com.test.TestCases.ChargeWallet_ChargeCard -->
