<?xml version="1.0" encoding="UTF-8"?>
<!-- Generated by org.testng.reporters.JUnitReportReporter -->
<testsuite hostname="Preet-Pc" name="com.test.TestCases.Checkout_Wellness" tests="1" failures="0" timestamp="18 Nov 2014 11:07:17 GMT" time="1.014" errors="0">
  <testcase name="checkoutTest" time="1.014" classname="com.test.TestCases.Checkout_Wellness"/>
</testsuite> <!-- com.test.TestCases.Checkout_Wellness -->
