<?xml version="1.0" encoding="UTF-8"?>
<!-- Generated by org.testng.reporters.JUnitReportReporter -->
<testsuite hostname="Preet-Pc" name="com.test.TestCases.Checkout_Themeparks" tests="1" failures="0" timestamp="26 Nov 2014 10:40:59 GMT" time="95.821" errors="0">
  <testcase name="checkoutTest" time="95.821" classname="com.test.TestCases.Checkout_Themeparks"/>
</testsuite> <!-- com.test.TestCases.Checkout_Themeparks -->
